

                             _   _
                            (_) | |
      __ _   _ __   __   __  _  | |
     / _` | | '_ \  \ \ / / | | | |
    | (_| | | | | |  \ V /  | | | |
     \__,_| |_| |_|   \_/   |_| |_|

    1.3.5-stable (9979a41b5d 2025-09-09T04:48:08.305566906Z)
    https://github.com/foundry-rs/foundry

Available Accounts
==================

(0) 0x2524aDd174287603F42b6f447Ca4CBB1f39BFf56 (10000.000000000000000000 ETH)
(1) 0x5de9c2Efb6261AB30312BA3315153046E463d3D9 (10000.000000000000000000 ETH)
(2) 0xb7797b662054253494d1fec00dFBFC533BF89893 (10000.000000000000000000 ETH)
(3) 0x6a2E60ea3078f816aDe11690497aE402f52393D5 (10000.000000000000000000 ETH)
(4) 0x171CD7D5a80c0568E3982676045EDdcc47EE1f0F (10000.000000000000000000 ETH)
(5) 0xb0377e0b2f1b58C06e0C0b764D271bA22f5d8aDa (10000.000000000000000000 ETH)
(6) 0x93a60311582836a1aeBCF7Dd819D849F6012af3A (10000.000000000000000000 ETH)
(7) 0x7ed77132f96a6a688b78716074c5b26d80a8dEeB (10000.000000000000000000 ETH)
(8) 0x41B7770695f5CD1305BEB695fd77Ed962Fe6a88f (10000.000000000000000000 ETH)
(9) 0x085c515C57b9d2C9296cD761F314582935106570 (10000.000000000000000000 ETH)

Private Keys
==================

(0) 0x6df252e5d863574637e3ce26369ebead6b221905ad71c801b9b1bf0b8dd8a830
(1) 0x248fba570847351d8bc082d6a0bb54ac5cc847d7d1bd4a2f48f3876d16a8a242
(2) 0x91465fe612b35cee75ff3a22beb9a27443b6b79321986f76f64d16d8620d50b4
(3) 0xe5c769fe84ed7d3407d65cafb7f04cea3b59a95578c26a315c4ff186990b0efc
(4) 0x9ed339020c6113cd3a13bbf61d3c00348b557977dbc937d21e0f4023800844d4
(5) 0x484722842b1df8bab26c2a7161e333f12ad936f956ac24d2c8fc4f86879c8f1f
(6) 0xa588bbf38b922e94a47d6e09541143740768feac4c178c0041245966e2860baf
(7) 0xa1e17980c6c8cb4ba9251dc41391788b230ff0112708ae8a3023ffa94b84a6e1
(8) 0xf4a440627af4315d0e398ad1428f220837877f6c85e4cc1ddf364bfef6749f97
(9) 0x564d0fe3193de75f7889ff3f57ea9320b727f86d13405fa2af668a8d67208ef6

Wallet
==================
Mnemonic:          wine little approve manage mixture wish proud celery steak shift glide laundry
Derivation path:   m/44'/60'/0'/0/


Chain ID
==================

31337

Base Fee
==================

1000000000

Gas Limit
==================

30000000

Genesis Timestamp
==================

1761671888

Genesis Number
==================

0

Listening on 127.0.0.1:8545
eth_chainId
eth_getTransactionCount
eth_getCode
eth_blockNumber
eth_chainId
eth_getBlockByNumber
eth_gasPrice
eth_blockNumber
eth_gasPrice
eth_chainId
eth_getBlockByNumber
eth_getAccountInfo
eth_getAccount
eth_getCode
eth_getTransactionCount
eth_getCode
eth_getBalance
eth_getAccountInfo
eth_getAccount
eth_getCode
eth_getAccountInfo
eth_getAccount
eth_getCode
eth_getAccountInfo
eth_getAccount
eth_getCode
eth_getAccountInfo
eth_getAccount
eth_getCode
eth_getAccountInfo
eth_getAccount
eth_getCode
eth_getAccountInfo
eth_getAccount
eth_getCode
eth_chainId
eth_chainId
eth_blockNumber
eth_gasPrice
eth_chainId
eth_getBlockByNumber
eth_chainId
eth_feeHistory
eth_feeHistory
eth_sendRawTransaction
eth_getTransactionReceipt
eth_blockNumber
eth_getBlockByNumber
eth_getTransactionReceipt

    Transaction: 0x0b767186c1a8ae70120e95d7e572f14858debe45c670e2b616df1e0b6982d2c2
    Contract created: 0x52E153636aeee4eA16F6c968E392Df969B7081C1
    Gas used: 3060689

    Block Number: 1
    Block Hash: 0xbf742c5aded671229c81be41c8df8aa6c93ef2f6e52081d48d39a8526d2774fc
    Block Time: "Tue, 28 Oct 2025 17:18:08 +0000"

eth_blockNumber
eth_getTransactionReceipt
eth_getBlockByNumber
eth_chainId
eth_getTransactionCount
eth_call
eth_getCode
eth_chainId
eth_getTransactionCount
eth_call
eth_blockNumber
eth_networkId
eth_getBlockByNumber
eth_getCode
eth_call
eth_blockNumber
eth_call
eth_getLogs

RPC request failed:
    Request: EthCall(WithOtherFields { inner: TransactionRequest { from: None, to: Some(Call(0x52e153636aeee4ea16f6c968e392df969b7081c1)), gas_price: None, max_fee_per_gas: None, max_priority_fee_per_gas: None, max_fee_per_blob_gas: None, gas: None, value: None, input: TransactionInput { input: None, data: Some(0x6386c1c70000000000000000000000005de9c2efb6261ab30312ba3315153046e463d3d9) }, nonce: None, chain_id: None, access_list: None, transaction_type: None, blob_versioned_hashes: None, sidecar: None, authorization_list: None }, other: OtherFields {} }, Some(0x1), None, None)
    Error: Execution error: execution reverted: User not found

eth_getLogs
eth_blockNumber
eth_call

RPC request failed:
    Request: EthCall(WithOtherFields { inner: TransactionRequest { from: None, to: Some(Call(0x52e153636aeee4ea16f6c968e392df969b7081c1)), gas_price: None, max_fee_per_gas: None, max_priority_fee_per_gas: None, max_fee_per_blob_gas: None, gas: None, value: None, input: TransactionInput { input: None, data: Some(0x6386c1c70000000000000000000000005de9c2efb6261ab30312ba3315153046e463d3d9) }, nonce: None, chain_id: None, access_list: None, transaction_type: None, blob_versioned_hashes: None, sidecar: None, authorization_list: None }, other: OtherFields {} }, Some(0x1), None, None)
    Error: Execution error: execution reverted: User not found

eth_getLogs
eth_blockNumber
eth_blockNumber
eth_blockNumber
eth_blockNumber
eth_blockNumber
eth_blockNumber
eth_blockNumber
eth_blockNumber
eth_blockNumber
eth_blockNumber
eth_blockNumber
eth_blockNumber
eth_blockNumber
eth_blockNumber
eth_blockNumber
eth_blockNumber
eth_blockNumber
eth_blockNumber
eth_blockNumber
eth_blockNumber
eth_blockNumber
eth_blockNumber
eth_blockNumber
eth_blockNumber
eth_blockNumber
eth_blockNumber
eth_call

RPC request failed:
    Request: EthCall(WithOtherFields { inner: TransactionRequest { from: None, to: Some(Call(0x52e153636aeee4ea16f6c968e392df969b7081c1)), gas_price: None, max_fee_per_gas: None, max_priority_fee_per_gas: None, max_fee_per_blob_gas: None, gas: None, value: None, input: TransactionInput { input: None, data: Some(0x6386c1c70000000000000000000000005de9c2efb6261ab30312ba3315153046e463d3d9) }, nonce: None, chain_id: None, access_list: None, transaction_type: None, blob_versioned_hashes: None, sidecar: None, authorization_list: None }, other: OtherFields {} }, Some(0x1), None, None)
    Error: Execution error: execution reverted: User not found

eth_blockNumber
eth_call

RPC request failed:
    Request: EthCall(WithOtherFields { inner: TransactionRequest { from: None, to: Some(Call(0x52e153636aeee4ea16f6c968e392df969b7081c1)), gas_price: None, max_fee_per_gas: None, max_priority_fee_per_gas: None, max_fee_per_blob_gas: None, gas: None, value: None, input: TransactionInput { input: None, data: Some(0x6386c1c70000000000000000000000005de9c2efb6261ab30312ba3315153046e463d3d9) }, nonce: None, chain_id: None, access_list: None, transaction_type: None, blob_versioned_hashes: None, sidecar: None, authorization_list: None }, other: OtherFields {} }, Some(0x1), None, None)
    Error: Execution error: execution reverted: User not found

eth_blockNumber
eth_call

RPC request failed:
    Request: EthCall(WithOtherFields { inner: TransactionRequest { from: None, to: Some(Call(0x52e153636aeee4ea16f6c968e392df969b7081c1)), gas_price: None, max_fee_per_gas: None, max_priority_fee_per_gas: None, max_fee_per_blob_gas: None, gas: None, value: None, input: TransactionInput { input: None, data: Some(0x6386c1c70000000000000000000000005de9c2efb6261ab30312ba3315153046e463d3d9) }, nonce: None, chain_id: None, access_list: None, transaction_type: None, blob_versioned_hashes: None, sidecar: None, authorization_list: None }, other: OtherFields {} }, Some(0x1), None, None)
    Error: Execution error: execution reverted: User not found

eth_blockNumber
eth_call

RPC request failed:
    Request: EthCall(WithOtherFields { inner: TransactionRequest { from: None, to: Some(Call(0x52e153636aeee4ea16f6c968e392df969b7081c1)), gas_price: None, max_fee_per_gas: None, max_priority_fee_per_gas: None, max_fee_per_blob_gas: None, gas: None, value: None, input: TransactionInput { input: None, data: Some(0x6386c1c70000000000000000000000005de9c2efb6261ab30312ba3315153046e463d3d9) }, nonce: None, chain_id: None, access_list: None, transaction_type: None, blob_versioned_hashes: None, sidecar: None, authorization_list: None }, other: OtherFields {} }, Some(0x1), None, None)
    Error: Execution error: execution reverted: User not found

eth_blockNumber
eth_blockNumber
eth_blockNumber
eth_blockNumber
eth_blockNumber
eth_blockNumber
eth_call

RPC request failed:
    Request: EthCall(WithOtherFields { inner: TransactionRequest { from: None, to: Some(Call(0x52e153636aeee4ea16f6c968e392df969b7081c1)), gas_price: None, max_fee_per_gas: None, max_priority_fee_per_gas: None, max_fee_per_blob_gas: None, gas: None, value: None, input: TransactionInput { input: None, data: Some(0x6386c1c70000000000000000000000005de9c2efb6261ab30312ba3315153046e463d3d9) }, nonce: None, chain_id: None, access_list: None, transaction_type: None, blob_versioned_hashes: None, sidecar: None, authorization_list: None }, other: OtherFields {} }, Some(0x1), None, None)
    Error: Execution error: execution reverted: User not found

eth_blockNumber
eth_blockNumber
eth_blockNumber
eth_blockNumber
eth_blockNumber
eth_blockNumber
eth_blockNumber
eth_blockNumber
eth_blockNumber
eth_call
eth_blockNumber
eth_blockNumber
eth_blockNumber
eth_blockNumber
eth_blockNumber
eth_blockNumber
eth_blockNumber
eth_blockNumber
eth_blockNumber
eth_blockNumber
eth_blockNumber
eth_blockNumber
eth_blockNumber
eth_blockNumber
eth_blockNumber
eth_blockNumber
eth_blockNumber
eth_blockNumber
eth_blockNumber
eth_blockNumber
eth_blockNumber
eth_blockNumber
eth_blockNumber
eth_blockNumber
eth_blockNumber
eth_blockNumber
eth_blockNumber
eth_blockNumber
eth_blockNumber
eth_blockNumber
eth_blockNumber
eth_blockNumber
eth_blockNumber
eth_blockNumber
eth_blockNumber
eth_blockNumber
eth_blockNumber
eth_blockNumber
eth_blockNumber
eth_blockNumber
eth_blockNumber
eth_blockNumber
eth_blockNumber
eth_blockNumber
eth_blockNumber
eth_call

RPC request failed:
    Request: EthCall(WithOtherFields { inner: TransactionRequest { from: None, to: Some(Call(0x52e153636aeee4ea16f6c968e392df969b7081c1)), gas_price: None, max_fee_per_gas: None, max_priority_fee_per_gas: None, max_fee_per_blob_gas: None, gas: None, value: None, input: TransactionInput { input: None, data: Some(0x6386c1c70000000000000000000000005de9c2efb6261ab30312ba3315153046e463d3d9) }, nonce: None, chain_id: None, access_list: None, transaction_type: None, blob_versioned_hashes: None, sidecar: None, authorization_list: None }, other: OtherFields {} }, Some(0x1), None, None)
    Error: Execution error: execution reverted: User not found

eth_call

RPC request failed:
    Request: EthCall(WithOtherFields { inner: TransactionRequest { from: None, to: Some(Call(0x52e153636aeee4ea16f6c968e392df969b7081c1)), gas_price: None, max_fee_per_gas: None, max_priority_fee_per_gas: None, max_fee_per_blob_gas: None, gas: None, value: None, input: TransactionInput { input: None, data: Some(0x6386c1c70000000000000000000000005de9c2efb6261ab30312ba3315153046e463d3d9) }, nonce: None, chain_id: None, access_list: None, transaction_type: None, blob_versioned_hashes: None, sidecar: None, authorization_list: None }, other: OtherFields {} }, Some(0x1), None, None)
    Error: Execution error: execution reverted: User not found

eth_blockNumber
eth_blockNumber
eth_blockNumber
eth_blockNumber
eth_blockNumber
eth_blockNumber
eth_blockNumber
eth_blockNumber
eth_blockNumber
eth_blockNumber
eth_blockNumber
eth_call

RPC request failed:
    Request: EthCall(WithOtherFields { inner: TransactionRequest { from: None, to: Some(Call(0x52e153636aeee4ea16f6c968e392df969b7081c1)), gas_price: None, max_fee_per_gas: None, max_priority_fee_per_gas: None, max_fee_per_blob_gas: None, gas: None, value: None, input: TransactionInput { input: None, data: Some(0x6386c1c70000000000000000000000005de9c2efb6261ab30312ba3315153046e463d3d9) }, nonce: None, chain_id: None, access_list: None, transaction_type: None, blob_versioned_hashes: None, sidecar: None, authorization_list: None }, other: OtherFields {} }, Some(0x1), None, None)
    Error: Execution error: execution reverted: User not found

eth_blockNumber
eth_call

RPC request failed:
    Request: EthCall(WithOtherFields { inner: TransactionRequest { from: None, to: Some(Call(0x52e153636aeee4ea16f6c968e392df969b7081c1)), gas_price: None, max_fee_per_gas: None, max_priority_fee_per_gas: None, max_fee_per_blob_gas: None, gas: None, value: None, input: TransactionInput { input: None, data: Some(0x6386c1c70000000000000000000000005de9c2efb6261ab30312ba3315153046e463d3d9) }, nonce: None, chain_id: None, access_list: None, transaction_type: None, blob_versioned_hashes: None, sidecar: None, authorization_list: None }, other: OtherFields {} }, Some(0x1), None, None)
    Error: Execution error: execution reverted: User not found

eth_call

RPC request failed:
    Request: EthCall(WithOtherFields { inner: TransactionRequest { from: None, to: Some(Call(0x52e153636aeee4ea16f6c968e392df969b7081c1)), gas_price: None, max_fee_per_gas: None, max_priority_fee_per_gas: None, max_fee_per_blob_gas: None, gas: None, value: None, input: TransactionInput { input: None, data: Some(0x6386c1c70000000000000000000000005de9c2efb6261ab30312ba3315153046e463d3d9) }, nonce: None, chain_id: None, access_list: None, transaction_type: None, blob_versioned_hashes: None, sidecar: None, authorization_list: None }, other: OtherFields {} }, Some(0x1), None, None)
    Error: Execution error: execution reverted: User not found

eth_call

RPC request failed:
    Request: EthCall(WithOtherFields { inner: TransactionRequest { from: None, to: Some(Call(0x52e153636aeee4ea16f6c968e392df969b7081c1)), gas_price: None, max_fee_per_gas: None, max_priority_fee_per_gas: None, max_fee_per_blob_gas: None, gas: None, value: None, input: TransactionInput { input: None, data: Some(0x6386c1c70000000000000000000000005de9c2efb6261ab30312ba3315153046e463d3d9) }, nonce: None, chain_id: None, access_list: None, transaction_type: None, blob_versioned_hashes: None, sidecar: None, authorization_list: None }, other: OtherFields {} }, Some(0x1), None, None)
    Error: Execution error: execution reverted: User not found

eth_blockNumber
eth_blockNumber
eth_blockNumber
eth_call

RPC request failed:
    Request: EthCall(WithOtherFields { inner: TransactionRequest { from: None, to: Some(Call(0x52e153636aeee4ea16f6c968e392df969b7081c1)), gas_price: None, max_fee_per_gas: None, max_priority_fee_per_gas: None, max_fee_per_blob_gas: None, gas: None, value: None, input: TransactionInput { input: None, data: Some(0x6386c1c70000000000000000000000005de9c2efb6261ab30312ba3315153046e463d3d9) }, nonce: None, chain_id: None, access_list: None, transaction_type: None, blob_versioned_hashes: None, sidecar: None, authorization_list: None }, other: OtherFields {} }, Some(0x1), None, None)
    Error: Execution error: execution reverted: User not found

eth_call

RPC request failed:
    Request: EthCall(WithOtherFields { inner: TransactionRequest { from: None, to: Some(Call(0x52e153636aeee4ea16f6c968e392df969b7081c1)), gas_price: None, max_fee_per_gas: None, max_priority_fee_per_gas: None, max_fee_per_blob_gas: None, gas: None, value: None, input: TransactionInput { input: None, data: Some(0x6386c1c70000000000000000000000005de9c2efb6261ab30312ba3315153046e463d3d9) }, nonce: None, chain_id: None, access_list: None, transaction_type: None, blob_versioned_hashes: None, sidecar: None, authorization_list: None }, other: OtherFields {} }, Some(0x1), None, None)
    Error: Execution error: execution reverted: User not found

eth_blockNumber
eth_blockNumber
eth_call

RPC request failed:
    Request: EthCall(WithOtherFields { inner: TransactionRequest { from: None, to: Some(Call(0x52e153636aeee4ea16f6c968e392df969b7081c1)), gas_price: None, max_fee_per_gas: None, max_priority_fee_per_gas: None, max_fee_per_blob_gas: None, gas: None, value: None, input: TransactionInput { input: None, data: Some(0x6386c1c70000000000000000000000005de9c2efb6261ab30312ba3315153046e463d3d9) }, nonce: None, chain_id: None, access_list: None, transaction_type: None, blob_versioned_hashes: None, sidecar: None, authorization_list: None }, other: OtherFields {} }, Some(0x1), None, None)
    Error: Execution error: execution reverted: User not found

eth_call

RPC request failed:
    Request: EthCall(WithOtherFields { inner: TransactionRequest { from: None, to: Some(Call(0x52e153636aeee4ea16f6c968e392df969b7081c1)), gas_price: None, max_fee_per_gas: None, max_priority_fee_per_gas: None, max_fee_per_blob_gas: None, gas: None, value: None, input: TransactionInput { input: None, data: Some(0x6386c1c70000000000000000000000005de9c2efb6261ab30312ba3315153046e463d3d9) }, nonce: None, chain_id: None, access_list: None, transaction_type: None, blob_versioned_hashes: None, sidecar: None, authorization_list: None }, other: OtherFields {} }, Some(0x1), None, None)
    Error: Execution error: execution reverted: User not found

eth_blockNumber
eth_blockNumber
eth_blockNumber
eth_blockNumber
eth_blockNumber
eth_blockNumber
eth_blockNumber
eth_blockNumber
eth_blockNumber
eth_blockNumber
eth_blockNumber
eth_blockNumber
eth_blockNumber
eth_call

RPC request failed:
    Request: EthCall(WithOtherFields { inner: TransactionRequest { from: None, to: Some(Call(0x52e153636aeee4ea16f6c968e392df969b7081c1)), gas_price: None, max_fee_per_gas: None, max_priority_fee_per_gas: None, max_fee_per_blob_gas: None, gas: None, value: None, input: TransactionInput { input: None, data: Some(0x6386c1c70000000000000000000000005de9c2efb6261ab30312ba3315153046e463d3d9) }, nonce: None, chain_id: None, access_list: None, transaction_type: None, blob_versioned_hashes: None, sidecar: None, authorization_list: None }, other: OtherFields {} }, Some(0x1), None, None)
    Error: Execution error: execution reverted: User not found

eth_blockNumber
eth_blockNumber
eth_blockNumber
eth_blockNumber
eth_call

RPC request failed:
    Request: EthCall(WithOtherFields { inner: TransactionRequest { from: None, to: Some(Call(0x52e153636aeee4ea16f6c968e392df969b7081c1)), gas_price: None, max_fee_per_gas: None, max_priority_fee_per_gas: None, max_fee_per_blob_gas: None, gas: None, value: None, input: TransactionInput { input: None, data: Some(0x6386c1c70000000000000000000000005de9c2efb6261ab30312ba3315153046e463d3d9) }, nonce: None, chain_id: None, access_list: None, transaction_type: None, blob_versioned_hashes: None, sidecar: None, authorization_list: None }, other: OtherFields {} }, Some(0x1), None, None)
    Error: Execution error: execution reverted: User not found

eth_blockNumber
eth_blockNumber
eth_blockNumber
eth_blockNumber
eth_blockNumber
eth_call

RPC request failed:
    Request: EthCall(WithOtherFields { inner: TransactionRequest { from: None, to: Some(Call(0x52e153636aeee4ea16f6c968e392df969b7081c1)), gas_price: None, max_fee_per_gas: None, max_priority_fee_per_gas: None, max_fee_per_blob_gas: None, gas: None, value: None, input: TransactionInput { input: None, data: Some(0x6386c1c70000000000000000000000005de9c2efb6261ab30312ba3315153046e463d3d9) }, nonce: None, chain_id: None, access_list: None, transaction_type: None, blob_versioned_hashes: None, sidecar: None, authorization_list: None }, other: OtherFields {} }, Some(0x1), None, None)
    Error: Execution error: execution reverted: User not found

eth_call

RPC request failed:
    Request: EthCall(WithOtherFields { inner: TransactionRequest { from: None, to: Some(Call(0x52e153636aeee4ea16f6c968e392df969b7081c1)), gas_price: None, max_fee_per_gas: None, max_priority_fee_per_gas: None, max_fee_per_blob_gas: None, gas: None, value: None, input: TransactionInput { input: None, data: Some(0x6386c1c70000000000000000000000005de9c2efb6261ab30312ba3315153046e463d3d9) }, nonce: None, chain_id: None, access_list: None, transaction_type: None, blob_versioned_hashes: None, sidecar: None, authorization_list: None }, other: OtherFields {} }, Some(0x1), None, None)
    Error: Execution error: execution reverted: User not found

eth_blockNumber
eth_blockNumber
eth_blockNumber
eth_blockNumber
eth_blockNumber
eth_blockNumber
eth_blockNumber
eth_blockNumber
eth_blockNumber
eth_blockNumber
eth_blockNumber
eth_blockNumber
eth_blockNumber
eth_blockNumber
eth_blockNumber
eth_blockNumber
eth_blockNumber
eth_blockNumber
eth_blockNumber
eth_blockNumber
eth_blockNumber
eth_blockNumber
eth_blockNumber
eth_blockNumber
eth_blockNumber
eth_blockNumber
eth_blockNumber
eth_blockNumber
eth_blockNumber
eth_blockNumber
eth_blockNumber
eth_blockNumber
eth_blockNumber
eth_blockNumber
eth_blockNumber
eth_blockNumber
eth_blockNumber
eth_blockNumber
eth_blockNumber
eth_blockNumber
eth_blockNumber
eth_blockNumber
eth_blockNumber
eth_blockNumber
eth_blockNumber
eth_blockNumber
eth_blockNumber
eth_blockNumber
eth_blockNumber
eth_blockNumber
eth_blockNumber
eth_blockNumber
eth_blockNumber
eth_blockNumber
eth_blockNumber
eth_blockNumber
eth_blockNumber
eth_blockNumber
eth_blockNumber
eth_blockNumber
eth_blockNumber
eth_blockNumber
eth_blockNumber
eth_blockNumber
eth_blockNumber
eth_blockNumber
eth_blockNumber
eth_blockNumber
eth_blockNumber
eth_blockNumber
eth_blockNumber
eth_blockNumber
eth_blockNumber
eth_blockNumber
eth_blockNumber
eth_blockNumber
eth_blockNumber
eth_blockNumber
eth_blockNumber
eth_blockNumber
eth_blockNumber
eth_blockNumber
eth_call

RPC request failed:
    Request: EthCall(WithOtherFields { inner: TransactionRequest { from: None, to: Some(Call(0x52e153636aeee4ea16f6c968e392df969b7081c1)), gas_price: None, max_fee_per_gas: None, max_priority_fee_per_gas: None, max_fee_per_blob_gas: None, gas: None, value: None, input: TransactionInput { input: None, data: Some(0x6386c1c70000000000000000000000005de9c2efb6261ab30312ba3315153046e463d3d9) }, nonce: None, chain_id: None, access_list: None, transaction_type: None, blob_versioned_hashes: None, sidecar: None, authorization_list: None }, other: OtherFields {} }, Some(0x1), None, None)
    Error: Execution error: execution reverted: User not found

eth_call

RPC request failed:
    Request: EthCall(WithOtherFields { inner: TransactionRequest { from: None, to: Some(Call(0x52e153636aeee4ea16f6c968e392df969b7081c1)), gas_price: None, max_fee_per_gas: None, max_priority_fee_per_gas: None, max_fee_per_blob_gas: None, gas: None, value: None, input: TransactionInput { input: None, data: Some(0x6386c1c70000000000000000000000005de9c2efb6261ab30312ba3315153046e463d3d9) }, nonce: None, chain_id: None, access_list: None, transaction_type: None, blob_versioned_hashes: None, sidecar: None, authorization_list: None }, other: OtherFields {} }, Some(0x1), None, None)
    Error: Execution error: execution reverted: User not found

eth_blockNumber
eth_blockNumber
eth_blockNumber
eth_blockNumber
eth_blockNumber
eth_blockNumber
eth_blockNumber
eth_blockNumber
eth_blockNumber
eth_blockNumber
eth_blockNumber
eth_blockNumber
eth_blockNumber
eth_blockNumber
eth_blockNumber
eth_blockNumber
eth_blockNumber
eth_blockNumber
eth_blockNumber
eth_blockNumber
eth_blockNumber
eth_blockNumber
eth_blockNumber
eth_blockNumber
eth_blockNumber
eth_blockNumber
eth_blockNumber
eth_blockNumber
eth_blockNumber
eth_blockNumber
eth_blockNumber
eth_blockNumber
eth_blockNumber
eth_call

RPC request failed:
    Request: EthCall(WithOtherFields { inner: TransactionRequest { from: None, to: Some(Call(0x52e153636aeee4ea16f6c968e392df969b7081c1)), gas_price: None, max_fee_per_gas: None, max_priority_fee_per_gas: None, max_fee_per_blob_gas: None, gas: None, value: None, input: TransactionInput { input: None, data: Some(0x6386c1c70000000000000000000000005de9c2efb6261ab30312ba3315153046e463d3d9) }, nonce: None, chain_id: None, access_list: None, transaction_type: None, blob_versioned_hashes: None, sidecar: None, authorization_list: None }, other: OtherFields {} }, Some(0x1), None, None)
    Error: Execution error: execution reverted: User not found

eth_blockNumber
eth_blockNumber
eth_blockNumber
eth_blockNumber
eth_blockNumber
eth_blockNumber
eth_blockNumber
eth_blockNumber
eth_blockNumber
eth_blockNumber
eth_blockNumber
eth_blockNumber
eth_blockNumber
eth_blockNumber
eth_blockNumber
eth_blockNumber
eth_blockNumber
eth_blockNumber
eth_call

RPC request failed:
    Request: EthCall(WithOtherFields { inner: TransactionRequest { from: None, to: Some(Call(0x52e153636aeee4ea16f6c968e392df969b7081c1)), gas_price: None, max_fee_per_gas: None, max_priority_fee_per_gas: None, max_fee_per_blob_gas: None, gas: None, value: None, input: TransactionInput { input: None, data: Some(0x6386c1c70000000000000000000000005de9c2efb6261ab30312ba3315153046e463d3d9) }, nonce: None, chain_id: None, access_list: None, transaction_type: None, blob_versioned_hashes: None, sidecar: None, authorization_list: None }, other: OtherFields {} }, Some(0x1), None, None)
    Error: Execution error: execution reverted: User not found

eth_call

RPC request failed:
    Request: EthCall(WithOtherFields { inner: TransactionRequest { from: None, to: Some(Call(0x52e153636aeee4ea16f6c968e392df969b7081c1)), gas_price: None, max_fee_per_gas: None, max_priority_fee_per_gas: None, max_fee_per_blob_gas: None, gas: None, value: None, input: TransactionInput { input: None, data: Some(0x6386c1c70000000000000000000000005de9c2efb6261ab30312ba3315153046e463d3d9) }, nonce: None, chain_id: None, access_list: None, transaction_type: None, blob_versioned_hashes: None, sidecar: None, authorization_list: None }, other: OtherFields {} }, Some(0x1), None, None)
    Error: Execution error: execution reverted: User not found

eth_blockNumber
eth_blockNumber
eth_blockNumber
eth_blockNumber
eth_blockNumber
eth_blockNumber
eth_blockNumber
eth_blockNumber
eth_call

RPC request failed:
    Request: EthCall(WithOtherFields { inner: TransactionRequest { from: None, to: Some(Call(0x52e153636aeee4ea16f6c968e392df969b7081c1)), gas_price: None, max_fee_per_gas: None, max_priority_fee_per_gas: None, max_fee_per_blob_gas: None, gas: None, value: None, input: TransactionInput { input: None, data: Some(0x6386c1c70000000000000000000000005de9c2efb6261ab30312ba3315153046e463d3d9) }, nonce: None, chain_id: None, access_list: None, transaction_type: None, blob_versioned_hashes: None, sidecar: None, authorization_list: None }, other: OtherFields {} }, Some(0x1), None, None)
    Error: Execution error: execution reverted: User not found

eth_call

RPC request failed:
    Request: EthCall(WithOtherFields { inner: TransactionRequest { from: None, to: Some(Call(0x52e153636aeee4ea16f6c968e392df969b7081c1)), gas_price: None, max_fee_per_gas: None, max_priority_fee_per_gas: None, max_fee_per_blob_gas: None, gas: None, value: None, input: TransactionInput { input: None, data: Some(0x6386c1c70000000000000000000000005de9c2efb6261ab30312ba3315153046e463d3d9) }, nonce: None, chain_id: None, access_list: None, transaction_type: None, blob_versioned_hashes: None, sidecar: None, authorization_list: None }, other: OtherFields {} }, Some(0x1), None, None)
    Error: Execution error: execution reverted: User not found

eth_blockNumber
eth_call

RPC request failed:
    Request: EthCall(WithOtherFields { inner: TransactionRequest { from: None, to: Some(Call(0x52e153636aeee4ea16f6c968e392df969b7081c1)), gas_price: None, max_fee_per_gas: None, max_priority_fee_per_gas: None, max_fee_per_blob_gas: None, gas: None, value: None, input: TransactionInput { input: None, data: Some(0x6386c1c70000000000000000000000005de9c2efb6261ab30312ba3315153046e463d3d9) }, nonce: None, chain_id: None, access_list: None, transaction_type: None, blob_versioned_hashes: None, sidecar: None, authorization_list: None }, other: OtherFields {} }, Some(0x1), None, None)
    Error: Execution error: execution reverted: User not found

eth_call

RPC request failed:
    Request: EthCall(WithOtherFields { inner: TransactionRequest { from: None, to: Some(Call(0x52e153636aeee4ea16f6c968e392df969b7081c1)), gas_price: None, max_fee_per_gas: None, max_priority_fee_per_gas: None, max_fee_per_blob_gas: None, gas: None, value: None, input: TransactionInput { input: None, data: Some(0x6386c1c70000000000000000000000005de9c2efb6261ab30312ba3315153046e463d3d9) }, nonce: None, chain_id: None, access_list: None, transaction_type: None, blob_versioned_hashes: None, sidecar: None, authorization_list: None }, other: OtherFields {} }, Some(0x1), None, None)
    Error: Execution error: execution reverted: User not found

eth_call

RPC request failed:
    Request: EthCall(WithOtherFields { inner: TransactionRequest { from: None, to: Some(Call(0x52e153636aeee4ea16f6c968e392df969b7081c1)), gas_price: None, max_fee_per_gas: None, max_priority_fee_per_gas: None, max_fee_per_blob_gas: None, gas: None, value: None, input: TransactionInput { input: None, data: Some(0x6386c1c70000000000000000000000005de9c2efb6261ab30312ba3315153046e463d3d9) }, nonce: None, chain_id: None, access_list: None, transaction_type: None, blob_versioned_hashes: None, sidecar: None, authorization_list: None }, other: OtherFields {} }, Some(0x1), None, None)
    Error: Execution error: execution reverted: User not found

eth_call

RPC request failed:
    Request: EthCall(WithOtherFields { inner: TransactionRequest { from: None, to: Some(Call(0x52e153636aeee4ea16f6c968e392df969b7081c1)), gas_price: None, max_fee_per_gas: None, max_priority_fee_per_gas: None, max_fee_per_blob_gas: None, gas: None, value: None, input: TransactionInput { input: None, data: Some(0x6386c1c70000000000000000000000005de9c2efb6261ab30312ba3315153046e463d3d9) }, nonce: None, chain_id: None, access_list: None, transaction_type: None, blob_versioned_hashes: None, sidecar: None, authorization_list: None }, other: OtherFields {} }, Some(0x1), None, None)
    Error: Execution error: execution reverted: User not found

eth_blockNumber
eth_call

RPC request failed:
    Request: EthCall(WithOtherFields { inner: TransactionRequest { from: None, to: Some(Call(0x52e153636aeee4ea16f6c968e392df969b7081c1)), gas_price: None, max_fee_per_gas: None, max_priority_fee_per_gas: None, max_fee_per_blob_gas: None, gas: None, value: None, input: TransactionInput { input: None, data: Some(0x6386c1c70000000000000000000000005de9c2efb6261ab30312ba3315153046e463d3d9) }, nonce: None, chain_id: None, access_list: None, transaction_type: None, blob_versioned_hashes: None, sidecar: None, authorization_list: None }, other: OtherFields {} }, Some(0x1), None, None)
    Error: Execution error: execution reverted: User not found

eth_blockNumber
eth_blockNumber
eth_blockNumber
eth_blockNumber
eth_blockNumber
eth_blockNumber
eth_blockNumber
